DEB [20150411-23:14:55.151] thr=1   paramiko.transport: starting thread (client mode): 0x9a98f6cL
INF [20150411-23:14:55.209] thr=1   paramiko.transport: Connected (version 2.0, client OpenSSH_4.3)
DEB [20150411-23:14:55.221] thr=1   paramiko.transport: kex algos:[u'diffie-hellman-group-exchange-sha1', u'diffie-hellman-group14-sha1', u'diffie-hellman-group1-sha1'] server key:[u'ssh-rsa', u'ssh-dss'] client encrypt:[u'aes128-cbc', u'3des-cbc', u'blowfish-cbc', u'cast128-cbc', u'arcfour128', u'arcfour256', u'arcfour', u'aes192-cbc', u'aes256-cbc', u'rijndael-cbc@lysator.liu.se', u'aes128-ctr', u'aes192-ctr', u'aes256-ctr'] server encrypt:[u'aes128-cbc', u'3des-cbc', u'blowfish-cbc', u'cast128-cbc', u'arcfour128', u'arcfour256', u'arcfour', u'aes192-cbc', u'aes256-cbc', u'rijndael-cbc@lysator.liu.se', u'aes128-ctr', u'aes192-ctr', u'aes256-ctr'] client mac:[u'hmac-md5', u'hmac-sha1', u'hmac-ripemd160', u'hmac-ripemd160@openssh.com', u'hmac-sha1-96', u'hmac-md5-96'] server mac:[u'hmac-md5', u'hmac-sha1', u'hmac-ripemd160', u'hmac-ripemd160@openssh.com', u'hmac-sha1-96', u'hmac-md5-96'] client compress:[u'none', u'zlib@openssh.com'] server compress:[u'none', u'zlib@openssh.com'] client lang:[u''] server lang:[u''] kex follows?False
DEB [20150411-23:14:55.222] thr=1   paramiko.transport: Ciphers agreed: local=aes128-ctr, remote=aes128-ctr
DEB [20150411-23:14:55.222] thr=1   paramiko.transport: using kex diffie-hellman-group14-sha1; server key type ssh-rsa; cipher: local aes128-ctr, remote aes128-ctr; mac: local hmac-sha1, remote hmac-sha1; compression: local none, remote none
DEB [20150411-23:14:55.554] thr=1   paramiko.transport: Switch to new keys ...
DEB [20150411-23:14:55.555] thr=2   paramiko.transport: Attempting password auth...
DEB [20150411-23:14:55.595] thr=1   paramiko.transport: userauth is OK
INF [20150411-23:14:55.689] thr=1   paramiko.transport: Authentication (password) successful!
DEB [20150411-23:14:55.693] thr=2   paramiko.transport: [chan 0] Max packet in: 32768 bytes
DEB [20150411-23:14:55.723] thr=1   paramiko.transport: [chan 0] Max packet out: 32768 bytes
DEB [20150411-23:14:55.723] thr=1   paramiko.transport: Secsh channel 0 opened.
DEB [20150411-23:14:55.747] thr=1   paramiko.transport: [chan 0] Sesch channel 0 request ok
INF [20150411-23:14:55.932] thr=2   paramiko.transport.sftp: [chan 0] Opened sftp connection (server version 3)
DEB [20150411-23:14:55.933] thr=2   paramiko.transport.sftp: [chan 0] open('/tmp/pssh.tar.gz', 'wb')
DEB [20150411-23:14:55.936] thr=2   paramiko.transport.sftp: [chan 0] open('/tmp/pssh.tar.gz', 'wb') -> 00000000
DEB [20150411-23:14:55.937] thr=2   paramiko.transport.sftp: [chan 0] close(00000000)
DEB [20150411-23:14:55.943] thr=2   paramiko.transport.sftp: [chan 0] stat('/tmp/pssh.tar.gz')
INF [20150411-23:14:55.945] thr=2   paramiko.transport.sftp: [chan 0] sftp session closed.
DEB [20150411-23:14:55.945] thr=2   paramiko.transport: [chan 0] EOF sent (0)
DEB [20150411-23:14:55.948] thr=3   paramiko.transport: starting thread (client mode): 0x9af544cL
DEB [20150411-23:14:55.957] thr=1   paramiko.transport: [chan 0] EOF received (0)
INF [20150411-23:14:55.985] thr=3   paramiko.transport: Connected (version 2.0, client OpenSSH_4.3)
DEB [20150411-23:14:55.996] thr=3   paramiko.transport: kex algos:[u'diffie-hellman-group-exchange-sha1', u'diffie-hellman-group14-sha1', u'diffie-hellman-group1-sha1'] server key:[u'ssh-rsa', u'ssh-dss'] client encrypt:[u'aes128-cbc', u'3des-cbc', u'blowfish-cbc', u'cast128-cbc', u'arcfour128', u'arcfour256', u'arcfour', u'aes192-cbc', u'aes256-cbc', u'rijndael-cbc@lysator.liu.se', u'aes128-ctr', u'aes192-ctr', u'aes256-ctr'] server encrypt:[u'aes128-cbc', u'3des-cbc', u'blowfish-cbc', u'cast128-cbc', u'arcfour128', u'arcfour256', u'arcfour', u'aes192-cbc', u'aes256-cbc', u'rijndael-cbc@lysator.liu.se', u'aes128-ctr', u'aes192-ctr', u'aes256-ctr'] client mac:[u'hmac-md5', u'hmac-sha1', u'hmac-ripemd160', u'hmac-ripemd160@openssh.com', u'hmac-sha1-96', u'hmac-md5-96'] server mac:[u'hmac-md5', u'hmac-sha1', u'hmac-ripemd160', u'hmac-ripemd160@openssh.com', u'hmac-sha1-96', u'hmac-md5-96'] client compress:[u'none', u'zlib@openssh.com'] server compress:[u'none', u'zlib@openssh.com'] client lang:[u''] server lang:[u''] kex follows?False
DEB [20150411-23:14:55.999] thr=3   paramiko.transport: Ciphers agreed: local=aes128-ctr, remote=aes128-ctr
DEB [20150411-23:14:55.999] thr=3   paramiko.transport: using kex diffie-hellman-group14-sha1; server key type ssh-rsa; cipher: local aes128-ctr, remote aes128-ctr; mac: local hmac-sha1, remote hmac-sha1; compression: local none, remote none
DEB [20150411-23:14:56.318] thr=3   paramiko.transport: Switch to new keys ...
DEB [20150411-23:14:56.320] thr=2   paramiko.transport: Adding ssh-rsa host key for 192.168.18.100: 7b3163e320906cb3b183dfd084750e8b
DEB [20150411-23:14:56.327] thr=2   paramiko.transport: Trying discovered key 5d4c2c07829ee19df2760168ca7537cf in /root/.ssh/id_rsa
DEB [20150411-23:14:56.359] thr=3   paramiko.transport: userauth is OK
INF [20150411-23:14:56.458] thr=3   paramiko.transport: Authentication (publickey) failed.
DEB [20150411-23:14:56.465] thr=3   paramiko.transport: userauth is OK
INF [20150411-23:14:56.467] thr=3   paramiko.transport: Authentication (password) successful!
DEB [20150411-23:14:56.468] thr=2   paramiko.transport: [chan 0] Max packet in: 32768 bytes
DEB [20150411-23:14:56.476] thr=3   paramiko.transport: [chan 0] Max packet out: 32768 bytes
DEB [20150411-23:14:56.476] thr=3   paramiko.transport: Secsh channel 0 opened.
DEB [20150411-23:14:56.486] thr=3   paramiko.transport: [chan 0] Sesch channel 0 request ok
DEB [20150411-23:14:56.497] thr=3   paramiko.transport: [chan 0] Sesch channel 0 request ok
DEB [20150411-23:14:57.533] thr=2   paramiko.transport: [chan 0] EOF sent (0)
DEB [20150411-23:14:57.578] thr=3   paramiko.transport: EOF in transport thread
DEB [20150411-23:14:57.623] thr=1   paramiko.transport: EOF in transport thread
